Tue Jan 19 21:45:41 CST 2021 Thread[main,5,main] Cleanup action starting
java.sql.SQLException: 无法使用类加载程序 jdk.internal.loader.ClassLoaders$AppClassLoader@15db9742 启动数据库 'Derby_data\\dedb'，请参阅下一个异常错误，以了解详细信息。
	at org.apache.derby.impl.jdbc.SQLExceptionFactory.getSQLException(SQLExceptionFactory.java:115)
	at org.apache.derby.impl.jdbc.SQLExceptionFactory.getSQLException(SQLExceptionFactory.java:141)
	at org.apache.derby.impl.jdbc.Util.seeNextException(Util.java:252)
	at org.apache.derby.impl.jdbc.EmbedConnection.bootDatabase(EmbedConnection.java:2855)
	at org.apache.derby.impl.jdbc.EmbedConnection.<init>(EmbedConnection.java:411)
	at org.apache.derby.iapi.jdbc.InternalDriver$1.run(InternalDriver.java:660)
	at org.apache.derby.iapi.jdbc.InternalDriver$1.run(InternalDriver.java:656)
	at java.base/java.security.AccessController.doPrivileged(AccessController.java:554)
	at org.apache.derby.iapi.jdbc.InternalDriver.getNewEmbedConnection(InternalDriver.java:654)
	at org.apache.derby.iapi.jdbc.InternalDriver.connect(InternalDriver.java:300)
	at org.apache.derby.iapi.jdbc.InternalDriver.connect(InternalDriver.java:967)
	at org.apache.derby.iapi.jdbc.AutoloadedDriver.connect(AutoloadedDriver.java:136)
	at java.sql/java.sql.DriverManager.getConnection(DriverManager.java:677)
	at java.sql/java.sql.DriverManager.getConnection(DriverManager.java:228)
	at fangT.FtUser.Init(FtUser.java:41)
	at fangT.FtUser.<init>(FtUser.java:24)
	at fangT.FtServer.<init>(FtServer.java:15)
	at fangT.FtServer.<clinit>(FtServer.java:12)
Caused by: ERROR XJ040: 无法使用类加载程序 jdk.internal.loader.ClassLoaders$AppClassLoader@15db9742 启动数据库 'Derby_data\\dedb'，请参阅下一个异常错误，以了解详细信息。
	at org.apache.derby.shared.common.error.StandardException.newException(StandardException.java:300)
	at org.apache.derby.impl.jdbc.SQLExceptionFactory.wrapArgsForTransportAcrossDRDA(SQLExceptionFactory.java:170)
	at org.apache.derby.impl.jdbc.SQLExceptionFactory.getSQLException(SQLExceptionFactory.java:75)
	... 17 more
Caused by: ERROR XSDB6: Derby 的另一个实例可能已引导数据库 D:\eclipse\FangTchat\Derby_data\dedb。
	at org.apache.derby.shared.common.error.StandardException.newException(StandardException.java:300)
	at org.apache.derby.shared.common.error.StandardException.newException(StandardException.java:295)
	at org.apache.derby.impl.store.raw.data.BaseDataFileFactory.privGetJBMSLockOnDB(BaseDataFileFactory.java:1949)
	at org.apache.derby.impl.store.raw.data.BaseDataFileFactory.run(BaseDataFileFactory.java:2969)
	at java.base/java.security.AccessController.doPrivileged(AccessController.java:554)
	at org.apache.derby.impl.store.raw.data.BaseDataFileFactory.getJBMSLockOnDB(BaseDataFileFactory.java:1891)
	at org.apache.derby.impl.store.raw.data.BaseDataFileFactory.boot(BaseDataFileFactory.java:344)
	at org.apache.derby.impl.services.monitor.BaseMonitor.boot(BaseMonitor.java:2002)
	at org.apache.derby.impl.services.monitor.TopService.bootModule(TopService.java:334)
	at org.apache.derby.impl.services.monitor.BaseMonitor.startModule(BaseMonitor.java:538)
	at org.apache.derby.impl.services.monitor.FileMonitor.startModule(FileMonitor.java:48)
	at org.apache.derby.iapi.services.monitor.Monitor.bootServiceModule(Monitor.java:460)
	at org.apache.derby.impl.store.raw.RawStore$6.run(RawStore.java:2968)
	at java.base/java.security.AccessController.doPrivileged(AccessController.java:554)
	at org.apache.derby.impl.store.raw.RawStore.bootServiceModule(RawStore.java:2962)
	at org.apache.derby.impl.store.raw.RawStore.boot(RawStore.java:190)
	at org.apache.derby.impl.services.monitor.BaseMonitor.boot(BaseMonitor.java:2002)
	at org.apache.derby.impl.services.monitor.TopService.bootModule(TopService.java:334)
	at org.apache.derby.impl.services.monitor.BaseMonitor.startModule(BaseMonitor.java:538)
	at org.apache.derby.impl.services.monitor.FileMonitor.startModule(FileMonitor.java:48)
	at org.apache.derby.iapi.services.monitor.Monitor.bootServiceModule(Monitor.java:460)
	at org.apache.derby.impl.store.access.RAMAccessManager$5.run(RAMAccessManager.java:1393)
	at java.base/java.security.AccessController.doPrivileged(AccessController.java:554)
	at org.apache.derby.impl.store.access.RAMAccessManager.bootServiceModule(RAMAccessManager.java:1387)
	at org.apache.derby.impl.store.access.RAMAccessManager.boot(RAMAccessManager.java:1039)
	at org.apache.derby.impl.services.monitor.BaseMonitor.boot(BaseMonitor.java:2002)
	at org.apache.derby.impl.services.monitor.TopService.bootModule(TopService.java:334)
	at org.apache.derby.impl.services.monitor.BaseMonitor.startModule(BaseMonitor.java:538)
	at org.apache.derby.impl.services.monitor.FileMonitor.startModule(FileMonitor.java:48)
	at org.apache.derby.iapi.services.monitor.Monitor.bootServiceModule(Monitor.java:460)
	at org.apache.derby.impl.db.BasicDatabase$5.run(BasicDatabase.java:1001)
	at java.base/java.security.AccessController.doPrivileged(AccessController.java:554)
	at org.apache.derby.impl.db.BasicDatabase.bootServiceModule(BasicDatabase.java:995)
	at org.apache.derby.impl.db.BasicDatabase.bootStore(BasicDatabase.java:777)
	at org.apache.derby.impl.db.BasicDatabase.boot(BasicDatabase.java:186)
	at org.apache.derby.impl.services.monitor.BaseMonitor.boot(BaseMonitor.java:2002)
	at org.apache.derby.impl.services.monitor.TopService.bootModule(TopService.java:334)
	at org.apache.derby.impl.services.monitor.BaseMonitor.bootService(BaseMonitor.java:1830)
	at org.apache.derby.impl.services.monitor.BaseMonitor.startProviderService(BaseMonitor.java:1696)
	at org.apache.derby.impl.services.monitor.BaseMonitor.findProviderAndStartService(BaseMonitor.java:1580)
	at org.apache.derby.impl.services.monitor.BaseMonitor.startPersistentService(BaseMonitor.java:999)
	at org.apache.derby.iapi.services.monitor.Monitor.startPersistentService(Monitor.java:598)
	at org.apache.derby.impl.jdbc.EmbedConnection$4.run(EmbedConnection.java:4042)
	at org.apache.derby.impl.jdbc.EmbedConnection$4.run(EmbedConnection.java:4038)
	at java.base/java.security.AccessController.doPrivileged(AccessController.java:554)
	at org.apache.derby.impl.jdbc.EmbedConnection.startPersistentService(EmbedConnection.java:4036)
	at org.apache.derby.impl.jdbc.EmbedConnection.bootDatabase(EmbedConnection.java:2816)
	... 14 more
============= begin nested exception, level (1) ===========
java.sql.SQLException: Derby 的另一个实例可能已引导数据库 D:\eclipse\FangTchat\Derby_data\dedb。
	at org.apache.derby.impl.jdbc.SQLExceptionFactory.getSQLException(SQLExceptionFactory.java:115)
	at org.apache.derby.impl.jdbc.Util.generateCsSQLException(Util.java:230)
	at org.apache.derby.impl.jdbc.EmbedConnection.bootDatabase(EmbedConnection.java:2853)
	at org.apache.derby.impl.jdbc.EmbedConnection.<init>(EmbedConnection.java:411)
	at org.apache.derby.iapi.jdbc.InternalDriver$1.run(InternalDriver.java:660)
	at org.apache.derby.iapi.jdbc.InternalDriver$1.run(InternalDriver.java:656)
	at java.base/java.security.AccessController.doPrivileged(AccessController.java:554)
	at org.apache.derby.iapi.jdbc.InternalDriver.getNewEmbedConnection(InternalDriver.java:654)
	at org.apache.derby.iapi.jdbc.InternalDriver.connect(InternalDriver.java:300)
	at org.apache.derby.iapi.jdbc.InternalDriver.connect(InternalDriver.java:967)
	at org.apache.derby.iapi.jdbc.AutoloadedDriver.connect(AutoloadedDriver.java:136)
	at java.sql/java.sql.DriverManager.getConnection(DriverManager.java:677)
	at java.sql/java.sql.DriverManager.getConnection(DriverManager.java:228)
	at fangT.FtUser.Init(FtUser.java:41)
	at fangT.FtUser.<init>(FtUser.java:24)
	at fangT.FtServer.<init>(FtServer.java:15)
	at fangT.FtServer.<clinit>(FtServer.java:12)
Caused by: ERROR XSDB6: Derby 的另一个实例可能已引导数据库 D:\eclipse\FangTchat\Derby_data\dedb。
	at org.apache.derby.shared.common.error.StandardException.newException(StandardException.java:300)
	at org.apache.derby.shared.common.error.StandardException.newException(StandardException.java:295)
	at org.apache.derby.impl.store.raw.data.BaseDataFileFactory.privGetJBMSLockOnDB(BaseDataFileFactory.java:1949)
	at org.apache.derby.impl.store.raw.data.BaseDataFileFactory.run(BaseDataFileFactory.java:2969)
	at java.base/java.security.AccessController.doPrivileged(AccessController.java:554)
	at org.apache.derby.impl.store.raw.data.BaseDataFileFactory.getJBMSLockOnDB(BaseDataFileFactory.java:1891)
	at org.apache.derby.impl.store.raw.data.BaseDataFileFactory.boot(BaseDataFileFactory.java:344)
	at org.apache.derby.impl.services.monitor.BaseMonitor.boot(BaseMonitor.java:2002)
	at org.apache.derby.impl.services.monitor.TopService.bootModule(TopService.java:334)
	at org.apache.derby.impl.services.monitor.BaseMonitor.startModule(BaseMonitor.java:538)
	at org.apache.derby.impl.services.monitor.FileMonitor.startModule(FileMonitor.java:48)
	at org.apache.derby.iapi.services.monitor.Monitor.bootServiceModule(Monitor.java:460)
	at org.apache.derby.impl.store.raw.RawStore$6.run(RawStore.java:2968)
	at java.base/java.security.AccessController.doPrivileged(AccessController.java:554)
	at org.apache.derby.impl.store.raw.RawStore.bootServiceModule(RawStore.java:2962)
	at org.apache.derby.impl.store.raw.RawStore.boot(RawStore.java:190)
	at org.apache.derby.impl.services.monitor.BaseMonitor.boot(BaseMonitor.java:2002)
	at org.apache.derby.impl.services.monitor.TopService.bootModule(TopService.java:334)
	at org.apache.derby.impl.services.monitor.BaseMonitor.startModule(BaseMonitor.java:538)
	at org.apache.derby.impl.services.monitor.FileMonitor.startModule(FileMonitor.java:48)
	at org.apache.derby.iapi.services.monitor.Monitor.bootServiceModule(Monitor.java:460)
	at org.apache.derby.impl.store.access.RAMAccessManager$5.run(RAMAccessManager.java:1393)
	at java.base/java.security.AccessController.doPrivileged(AccessController.java:554)
	at org.apache.derby.impl.store.access.RAMAccessManager.bootServiceModule(RAMAccessManager.java:1387)
	at org.apache.derby.impl.store.access.RAMAccessManager.boot(RAMAccessManager.java:1039)
	at org.apache.derby.impl.services.monitor.BaseMonitor.boot(BaseMonitor.java:2002)
	at org.apache.derby.impl.services.monitor.TopService.bootModule(TopService.java:334)
	at org.apache.derby.impl.services.monitor.BaseMonitor.startModule(BaseMonitor.java:538)
	at org.apache.derby.impl.services.monitor.FileMonitor.startModule(FileMonitor.java:48)
	at org.apache.derby.iapi.services.monitor.Monitor.bootServiceModule(Monitor.java:460)
	at org.apache.derby.impl.db.BasicDatabase$5.run(BasicDatabase.java:1001)
	at java.base/java.security.AccessController.doPrivileged(AccessController.java:554)
	at org.apache.derby.impl.db.BasicDatabase.bootServiceModule(BasicDatabase.java:995)
	at org.apache.derby.impl.db.BasicDatabase.bootStore(BasicDatabase.java:777)
	at org.apache.derby.impl.db.BasicDatabase.boot(BasicDatabase.java:186)
	at org.apache.derby.impl.services.monitor.BaseMonitor.boot(BaseMonitor.java:2002)
	at org.apache.derby.impl.services.monitor.TopService.bootModule(TopService.java:334)
	at org.apache.derby.impl.services.monitor.BaseMonitor.bootService(BaseMonitor.java:1830)
	at org.apache.derby.impl.services.monitor.BaseMonitor.startProviderService(BaseMonitor.java:1696)
	at org.apache.derby.impl.services.monitor.BaseMonitor.findProviderAndStartService(BaseMonitor.java:1580)
	at org.apache.derby.impl.services.monitor.BaseMonitor.startPersistentService(BaseMonitor.java:999)
	at org.apache.derby.iapi.services.monitor.Monitor.startPersistentService(Monitor.java:598)
	at org.apache.derby.impl.jdbc.EmbedConnection$4.run(EmbedConnection.java:4042)
	at org.apache.derby.impl.jdbc.EmbedConnection$4.run(EmbedConnection.java:4038)
	at java.base/java.security.AccessController.doPrivileged(AccessController.java:554)
	at org.apache.derby.impl.jdbc.EmbedConnection.startPersistentService(EmbedConnection.java:4036)
	at org.apache.derby.impl.jdbc.EmbedConnection.bootDatabase(EmbedConnection.java:2816)
	... 14 more
============= end nested exception, level (1) ===========
============= begin nested exception, level (2) ===========
ERROR XSDB6: Derby 的另一个实例可能已引导数据库 D:\eclipse\FangTchat\Derby_data\dedb。
	at org.apache.derby.shared.common.error.StandardException.newException(StandardException.java:300)
	at org.apache.derby.shared.common.error.StandardException.newException(StandardException.java:295)
	at org.apache.derby.impl.store.raw.data.BaseDataFileFactory.privGetJBMSLockOnDB(BaseDataFileFactory.java:1949)
	at org.apache.derby.impl.store.raw.data.BaseDataFileFactory.run(BaseDataFileFactory.java:2969)
	at java.base/java.security.AccessController.doPrivileged(AccessController.java:554)
	at org.apache.derby.impl.store.raw.data.BaseDataFileFactory.getJBMSLockOnDB(BaseDataFileFactory.java:1891)
	at org.apache.derby.impl.store.raw.data.BaseDataFileFactory.boot(BaseDataFileFactory.java:344)
	at org.apache.derby.impl.services.monitor.BaseMonitor.boot(BaseMonitor.java:2002)
	at org.apache.derby.impl.services.monitor.TopService.bootModule(TopService.java:334)
	at org.apache.derby.impl.services.monitor.BaseMonitor.startModule(BaseMonitor.java:538)
	at org.apache.derby.impl.services.monitor.FileMonitor.startModule(FileMonitor.java:48)
	at org.apache.derby.iapi.services.monitor.Monitor.bootServiceModule(Monitor.java:460)
	at org.apache.derby.impl.store.raw.RawStore$6.run(RawStore.java:2968)
	at java.base/java.security.AccessController.doPrivileged(AccessController.java:554)
	at org.apache.derby.impl.store.raw.RawStore.bootServiceModule(RawStore.java:2962)
	at org.apache.derby.impl.store.raw.RawStore.boot(RawStore.java:190)
	at org.apache.derby.impl.services.monitor.BaseMonitor.boot(BaseMonitor.java:2002)
	at org.apache.derby.impl.services.monitor.TopService.bootModule(TopService.java:334)
	at org.apache.derby.impl.services.monitor.BaseMonitor.startModule(BaseMonitor.java:538)
	at org.apache.derby.impl.services.monitor.FileMonitor.startModule(FileMonitor.java:48)
	at org.apache.derby.iapi.services.monitor.Monitor.bootServiceModule(Monitor.java:460)
	at org.apache.derby.impl.store.access.RAMAccessManager$5.run(RAMAccessManager.java:1393)
	at java.base/java.security.AccessController.doPrivileged(AccessController.java:554)
	at org.apache.derby.impl.store.access.RAMAccessManager.bootServiceModule(RAMAccessManager.java:1387)
	at org.apache.derby.impl.store.access.RAMAccessManager.boot(RAMAccessManager.java:1039)
	at org.apache.derby.impl.services.monitor.BaseMonitor.boot(BaseMonitor.java:2002)
	at org.apache.derby.impl.services.monitor.TopService.bootModule(TopService.java:334)
	at org.apache.derby.impl.services.monitor.BaseMonitor.startModule(BaseMonitor.java:538)
	at org.apache.derby.impl.services.monitor.FileMonitor.startModule(FileMonitor.java:48)
	at org.apache.derby.iapi.services.monitor.Monitor.bootServiceModule(Monitor.java:460)
	at org.apache.derby.impl.db.BasicDatabase$5.run(BasicDatabase.java:1001)
	at java.base/java.security.AccessController.doPrivileged(AccessController.java:554)
	at org.apache.derby.impl.db.BasicDatabase.bootServiceModule(BasicDatabase.java:995)
	at org.apache.derby.impl.db.BasicDatabase.bootStore(BasicDatabase.java:777)
	at org.apache.derby.impl.db.BasicDatabase.boot(BasicDatabase.java:186)
	at org.apache.derby.impl.services.monitor.BaseMonitor.boot(BaseMonitor.java:2002)
	at org.apache.derby.impl.services.monitor.TopService.bootModule(TopService.java:334)
	at org.apache.derby.impl.services.monitor.BaseMonitor.bootService(BaseMonitor.java:1830)
	at org.apache.derby.impl.services.monitor.BaseMonitor.startProviderService(BaseMonitor.java:1696)
	at org.apache.derby.impl.services.monitor.BaseMonitor.findProviderAndStartService(BaseMonitor.java:1580)
	at org.apache.derby.impl.services.monitor.BaseMonitor.startPersistentService(BaseMonitor.java:999)
	at org.apache.derby.iapi.services.monitor.Monitor.startPersistentService(Monitor.java:598)
	at org.apache.derby.impl.jdbc.EmbedConnection$4.run(EmbedConnection.java:4042)
	at org.apache.derby.impl.jdbc.EmbedConnection$4.run(EmbedConnection.java:4038)
	at java.base/java.security.AccessController.doPrivileged(AccessController.java:554)
	at org.apache.derby.impl.jdbc.EmbedConnection.startPersistentService(EmbedConnection.java:4036)
	at org.apache.derby.impl.jdbc.EmbedConnection.bootDatabase(EmbedConnection.java:2816)
	at org.apache.derby.impl.jdbc.EmbedConnection.<init>(EmbedConnection.java:411)
	at org.apache.derby.iapi.jdbc.InternalDriver$1.run(InternalDriver.java:660)
	at org.apache.derby.iapi.jdbc.InternalDriver$1.run(InternalDriver.java:656)
	at java.base/java.security.AccessController.doPrivileged(AccessController.java:554)
	at org.apache.derby.iapi.jdbc.InternalDriver.getNewEmbedConnection(InternalDriver.java:654)
	at org.apache.derby.iapi.jdbc.InternalDriver.connect(InternalDriver.java:300)
	at org.apache.derby.iapi.jdbc.InternalDriver.connect(InternalDriver.java:967)
	at org.apache.derby.iapi.jdbc.AutoloadedDriver.connect(AutoloadedDriver.java:136)
	at java.sql/java.sql.DriverManager.getConnection(DriverManager.java:677)
	at java.sql/java.sql.DriverManager.getConnection(DriverManager.java:228)
	at fangT.FtUser.Init(FtUser.java:41)
	at fangT.FtUser.<init>(FtUser.java:24)
	at fangT.FtServer.<init>(FtServer.java:15)
	at fangT.FtServer.<clinit>(FtServer.java:12)
============= end nested exception, level (2) ===========
Cleanup action completed
